0 info it worked if it ends with ok
1 verbose cli [ 'C:\\Program Files (x86)\\nodejs\\node.exe',
1 verbose cli   'C:\\Program Files (x86)\\nodejs\\node_modules\\npm\\bin\\npm-cli.js',
1 verbose cli   'install',
1 verbose cli   'amcharts/amcharts3',
1 verbose cli   '--save' ]
2 info using npm@2.14.12
3 info using node@v4.3.1
4 verbose install initial load of D:\Senior Project\MQTT_Broker\package.json
5 verbose installManyTop reading scoped package data from D:\Senior Project\MQTT_Broker\node_modules\ascoltatori\package.json
6 verbose installManyTop reading scoped package data from D:\Senior Project\MQTT_Broker\node_modules\body-parser\package.json
7 verbose installManyTop reading scoped package data from D:\Senior Project\MQTT_Broker\node_modules\cookie-parser\package.json
8 verbose installManyTop reading scoped package data from D:\Senior Project\MQTT_Broker\node_modules\debug\package.json
9 verbose installManyTop reading scoped package data from D:\Senior Project\MQTT_Broker\node_modules\express\package.json
10 verbose installManyTop reading scoped package data from D:\Senior Project\MQTT_Broker\node_modules\express-session\package.json
11 verbose installManyTop reading scoped package data from D:\Senior Project\MQTT_Broker\node_modules\jade\package.json
12 verbose installManyTop reading scoped package data from D:\Senior Project\MQTT_Broker\node_modules\mongodb\package.json
13 verbose installManyTop reading scoped package data from D:\Senior Project\MQTT_Broker\node_modules\mongoose\package.json
14 verbose installManyTop reading scoped package data from D:\Senior Project\MQTT_Broker\node_modules\morgan\package.json
15 verbose installManyTop reading scoped package data from D:\Senior Project\MQTT_Broker\node_modules\mqtt\package.json
16 verbose installManyTop reading scoped package data from D:\Senior Project\MQTT_Broker\node_modules\node-sass-middleware\package.json
17 verbose installManyTop reading scoped package data from D:\Senior Project\MQTT_Broker\node_modules\rand-token\package.json
18 verbose installManyTop reading scoped package data from D:\Senior Project\MQTT_Broker\node_modules\serve-favicon\package.json
19 verbose installManyTop reading scoped package data from D:\Senior Project\MQTT_Broker\node_modules\shortid\package.json
20 verbose installManyTop reading scoped package data from D:\Senior Project\MQTT_Broker\node_modules\socket.io\package.json
21 info package.json node-sass-middleware@0.9.7 No license field.
22 info package.json socket.io@1.3.7 No license field.
23 verbose readDependencies loading dependencies from D:\Senior Project\MQTT_Broker\package.json
24 silly cache add args [ 'amcharts/amcharts3', null ]
25 verbose cache add spec amcharts/amcharts3
26 silly cache add parsed spec Result {
26 silly cache add   raw: 'amcharts/amcharts3',
26 silly cache add   scope: null,
26 silly cache add   name: null,
26 silly cache add   rawSpec: 'amcharts/amcharts3',
26 silly cache add   spec: 'github:amcharts/amcharts3',
26 silly cache add   type: 'hosted',
26 silly cache add   hosted:
26 silly cache add    { type: 'github',
26 silly cache add      ssh: 'git@github.com:amcharts/amcharts3.git',
26 silly cache add      sshUrl: 'git+ssh://git@github.com/amcharts/amcharts3.git',
26 silly cache add      httpsUrl: 'git+https://github.com/amcharts/amcharts3.git',
26 silly cache add      gitUrl: 'git://github.com/amcharts/amcharts3.git',
26 silly cache add      shortcut: 'github:amcharts/amcharts3',
26 silly cache add      directUrl: 'https://raw.githubusercontent.com/amcharts/amcharts3/master/package.json' } }
27 verbose addRemoteGit caching amcharts/amcharts3
28 verbose addRemoteGit amcharts/amcharts3 is a repository hosted by github
29 silly tryGitProto attempting to clone git://github.com/amcharts/amcharts3.git
30 silly tryClone cloning amcharts/amcharts3 via git://github.com/amcharts/amcharts3.git
31 verbose tryClone git-github-com-amcharts-amcharts3-git-4949d64a not in flight; caching
32 warn addRemoteGit Error: not found: git
32 warn addRemoteGit     at F (C:\Program Files (x86)\nodejs\node_modules\npm\node_modules\which\which.js:78:19)
32 warn addRemoteGit     at E (C:\Program Files (x86)\nodejs\node_modules\npm\node_modules\which\which.js:82:29)
32 warn addRemoteGit     at C:\Program Files (x86)\nodejs\node_modules\npm\node_modules\which\which.js:93:16
32 warn addRemoteGit     at FSReqWrap.oncomplete (fs.js:82:15)
32 warn addRemoteGit  amcharts/amcharts3 resetting remote C:\Users\PeeMz\AppData\Roaming\npm-cache\_git-remotes\git-github-com-amcharts-amcharts3-git-4949d64a because of error: { [Error: not found: git] code: 'ENOGIT' }
33 info resetRemote resetting C:\Users\PeeMz\AppData\Roaming\npm-cache\_git-remotes\git-github-com-amcharts-amcharts3-git-4949d64a for amcharts/amcharts3
34 silly gentlyRm C:\Users\PeeMz\AppData\Roaming\npm-cache\_git-remotes\git-github-com-amcharts-amcharts3-git-4949d64a is being purged
35 verbose gentlyRm don't care about contents; nuking C:\Users\PeeMz\AppData\Roaming\npm-cache\_git-remotes\git-github-com-amcharts-amcharts3-git-4949d64a
36 silly vacuum-fs purging C:\Users\PeeMz\AppData\Roaming\npm-cache\_git-remotes\git-github-com-amcharts-amcharts3-git-4949d64a
37 silly vacuum-fs quitting because other entries in C:\Users\PeeMz\AppData\Roaming\npm-cache\_git-remotes
38 error git clone --template=C:\Users\PeeMz\AppData\Roaming\npm-cache\_git-remotes\_templates --mirror git://github.com/amcharts/amcharts3.git C:\Users\PeeMz\AppData\Roaming\npm-cache\_git-remotes\git-github-com-amcharts-amcharts3-git-4949d64a: undefined
38 error git clone --template=C:\Users\PeeMz\AppData\Roaming\npm-cache\_git-remotes\_templates --mirror git://github.com/amcharts/amcharts3.git C:\Users\PeeMz\AppData\Roaming\npm-cache\_git-remotes\git-github-com-amcharts-amcharts3-git-4949d64a: undefined
39 silly tryHTTPS attempting to clone git+https://github.com/amcharts/amcharts3.git
40 silly tryClone cloning amcharts/amcharts3 via git+https://github.com/amcharts/amcharts3.git
41 verbose tryClone https-github-com-amcharts-amcharts3-git-b4ccf9b2 not in flight; caching
42 warn addRemoteGit Error: not found: git
42 warn addRemoteGit     at F (C:\Program Files (x86)\nodejs\node_modules\npm\node_modules\which\which.js:78:19)
42 warn addRemoteGit     at E (C:\Program Files (x86)\nodejs\node_modules\npm\node_modules\which\which.js:82:29)
42 warn addRemoteGit     at C:\Program Files (x86)\nodejs\node_modules\npm\node_modules\which\which.js:93:16
42 warn addRemoteGit     at FSReqWrap.oncomplete (fs.js:82:15)
42 warn addRemoteGit  amcharts/amcharts3 resetting remote C:\Users\PeeMz\AppData\Roaming\npm-cache\_git-remotes\https-github-com-amcharts-amcharts3-git-b4ccf9b2 because of error: { [Error: not found: git] code: 'ENOGIT' }
43 info resetRemote resetting C:\Users\PeeMz\AppData\Roaming\npm-cache\_git-remotes\https-github-com-amcharts-amcharts3-git-b4ccf9b2 for amcharts/amcharts3
44 silly gentlyRm C:\Users\PeeMz\AppData\Roaming\npm-cache\_git-remotes\https-github-com-amcharts-amcharts3-git-b4ccf9b2 is being purged
45 verbose gentlyRm don't care about contents; nuking C:\Users\PeeMz\AppData\Roaming\npm-cache\_git-remotes\https-github-com-amcharts-amcharts3-git-b4ccf9b2
46 silly vacuum-fs purging C:\Users\PeeMz\AppData\Roaming\npm-cache\_git-remotes\https-github-com-amcharts-amcharts3-git-b4ccf9b2
47 silly vacuum-fs quitting because other entries in C:\Users\PeeMz\AppData\Roaming\npm-cache\_git-remotes
48 error git clone --template=C:\Users\PeeMz\AppData\Roaming\npm-cache\_git-remotes\_templates --mirror https://github.com/amcharts/amcharts3.git C:\Users\PeeMz\AppData\Roaming\npm-cache\_git-remotes\https-github-com-amcharts-amcharts3-git-b4ccf9b2: undefined
48 error git clone --template=C:\Users\PeeMz\AppData\Roaming\npm-cache\_git-remotes\_templates --mirror https://github.com/amcharts/amcharts3.git C:\Users\PeeMz\AppData\Roaming\npm-cache\_git-remotes\https-github-com-amcharts-amcharts3-git-b4ccf9b2: undefined
49 silly trySSH attempting to clone git@github.com:amcharts/amcharts3.git
50 silly tryClone cloning amcharts/amcharts3 via git@github.com:amcharts/amcharts3.git
51 verbose tryClone git-github-com-amcharts-amcharts3-git-f3870a14 not in flight; caching
52 warn addRemoteGit Error: not found: git
52 warn addRemoteGit     at F (C:\Program Files (x86)\nodejs\node_modules\npm\node_modules\which\which.js:78:19)
52 warn addRemoteGit     at E (C:\Program Files (x86)\nodejs\node_modules\npm\node_modules\which\which.js:82:29)
52 warn addRemoteGit     at C:\Program Files (x86)\nodejs\node_modules\npm\node_modules\which\which.js:93:16
52 warn addRemoteGit     at FSReqWrap.oncomplete (fs.js:82:15)
52 warn addRemoteGit  amcharts/amcharts3 resetting remote C:\Users\PeeMz\AppData\Roaming\npm-cache\_git-remotes\git-github-com-amcharts-amcharts3-git-f3870a14 because of error: { [Error: not found: git] code: 'ENOGIT' }
53 info resetRemote resetting C:\Users\PeeMz\AppData\Roaming\npm-cache\_git-remotes\git-github-com-amcharts-amcharts3-git-f3870a14 for amcharts/amcharts3
54 silly gentlyRm C:\Users\PeeMz\AppData\Roaming\npm-cache\_git-remotes\git-github-com-amcharts-amcharts3-git-f3870a14 is being purged
55 verbose gentlyRm don't care about contents; nuking C:\Users\PeeMz\AppData\Roaming\npm-cache\_git-remotes\git-github-com-amcharts-amcharts3-git-f3870a14
56 silly vacuum-fs purging C:\Users\PeeMz\AppData\Roaming\npm-cache\_git-remotes\git-github-com-amcharts-amcharts3-git-f3870a14
57 silly vacuum-fs quitting because other entries in C:\Users\PeeMz\AppData\Roaming\npm-cache\_git-remotes
58 error git clone --template=C:\Users\PeeMz\AppData\Roaming\npm-cache\_git-remotes\_templates --mirror git@github.com:amcharts/amcharts3.git C:\Users\PeeMz\AppData\Roaming\npm-cache\_git-remotes\git-github-com-amcharts-amcharts3-git-f3870a14: undefined
58 error git clone --template=C:\Users\PeeMz\AppData\Roaming\npm-cache\_git-remotes\_templates --mirror git@github.com:amcharts/amcharts3.git C:\Users\PeeMz\AppData\Roaming\npm-cache\_git-remotes\git-github-com-amcharts-amcharts3-git-f3870a14: undefined
59 verbose stack Error: not found: git
59 verbose stack     at F (C:\Program Files (x86)\nodejs\node_modules\npm\node_modules\which\which.js:78:19)
59 verbose stack     at E (C:\Program Files (x86)\nodejs\node_modules\npm\node_modules\which\which.js:82:29)
59 verbose stack     at C:\Program Files (x86)\nodejs\node_modules\npm\node_modules\which\which.js:93:16
59 verbose stack     at FSReqWrap.oncomplete (fs.js:82:15)
60 verbose cwd D:\Senior Project\MQTT_Broker
61 error Windows_NT 10.0.10586
62 error argv "C:\\Program Files (x86)\\nodejs\\node.exe" "C:\\Program Files (x86)\\nodejs\\node_modules\\npm\\bin\\npm-cli.js" "install" "amcharts/amcharts3" "--save"
63 error node v4.3.1
64 error npm  v2.14.12
65 error code ENOGIT
66 error not found: git
67 error Failed using git.
67 error This is most likely not a problem with npm itself.
67 error Please check if you have git installed and in your PATH.
68 verbose exit [ 1, true ]
